<?xml version="1.0" encoding="UTF-8"?>
<!-- Generated by org.testng.reporters.JUnitXMLReporter -->
<testsuite hostname="SUWAL" name="mvnProjectTest" tests="1" failures="1" timestamp="25 Nov 2018 18:53:36 GMT" time="10.74" errors="0">
  <testcase name="LoginPageTitleTest" time="0.022" classname="com.mvnProject.testcases.LoginPageTest">
    <failure type="java.lang.AssertionError" message="expected [true] but found [false]">
      <![CDATA[java.lang.AssertionError: expected [true] but found [false]
	at com.mvnProject.testcases.LoginPageTest.LoginPageTitleTest(LoginPageTest.java:44)
... Removed 28 stack frames]]>
    </failure>
  </testcase> <!-- LoginPageTitleTest -->
</testsuite> <!-- mvnProjectTest -->
